Arguments: 
  C:\Program Files\nodejs\node.exe C:\Users\la_kostylev\AppData\Roaming\npm\node_modules\yarn\bin\yarn.js add -D webpack-dev-server

PATH: 
  C:\Program Files\Common Files\Oracle\Java\javapath;C:\Windows\system32;C:\Windows;C:\Windows\System32\Wbem;C:\Windows\System32\WindowsPowerShell\v1.0\;C:\Windows\System32\OpenSSH\;C:\Program Files\Git\cmd;C:\Program Files\NVIDIA Corporation\NVIDIA NvDLISR;C:\Program Files (x86)\NVIDIA Corporation\PhysX\Common;C:\Program Files\nodejs\;C:\Program Files\Docker\Docker\resources\bin;C:\Users\la_kostylev\AppData\Local\Microsoft\WindowsApps;C:\Program Files\JetBrains\WebStorm 2022.2\bin;C:\Users\la_kostylev\AppData\Local\JetBrains\Toolbox\scripts;C:\Users\la_kostylev\AppData\Local\Programs\Microsoft VS Code\bin;C:\Users\la_kostylev\AppData\Roaming\npm;C:\Users\la_kostylev\WebstormProjects\graduate\node_modules\.bin

Yarn version: 
  1.22.19

Node version: 
  16.15.0

Platform: 
  win32 x64

Trace: 
  SyntaxError: C:\Users\la_kostylev\WebstormProjects\graduate\package.json: Unexpected token } in JSON at position 156
      at JSON.parse (<anonymous>)
      at C:\Users\la_kostylev\AppData\Roaming\npm\node_modules\yarn\lib\cli.js:1629:59
      at Generator.next (<anonymous>)
      at step (C:\Users\la_kostylev\AppData\Roaming\npm\node_modules\yarn\lib\cli.js:310:30)
      at C:\Users\la_kostylev\AppData\Roaming\npm\node_modules\yarn\lib\cli.js:321:13

npm manifest: 
  {
    "name": "graduate",
    "version": "1.0.0",
    "description": "",
    "main": "app.js",
    "scripts": {
      "build": "webpack",
      "start": "tsc --watch",
    },
    "repository": {
      "type": "git",
      "url": "git+https://github.com/Haxersociety/graduate_work.git"
    },
    "author": "Leonid Kostylev",
    "license": "MIT",
    "bugs": {
      "url": "https://github.com/Haxersociety/graduate_work/issues"
    },
    "homepage": "https://github.com/Haxersociety/graduate_work#readme",
    "devDependencies": {
      "@types/three": "^0.149.0",
      "path": "^0.12.7",
      "three": "^0.150.1",
      "typescript": "^4.9.5",
      "webpack": "^5.75.0",
      "webpack-cli": "^5.0.1"
    },
    "dependencies": {
      "prettier": "^2.8.4",
      "three": "^0.150.1",
      "troika-three-text": "^0.47.1"
    }
  }

yarn manifest: 
  No manifest

Lockfile: 
  No lockfile
